<?xml version="1.0" encoding="UTF-8" standalone="yes"?>
<testsuites time="3142.596" tests="4" failures="3" errors="1">
    <testsuite name="GraphWalker" tests="4" failures="3" errors="1" time="3142.596" timestamp="2018-06-28T13:19:43">
        <properties>
            <property name="awt.toolkit" value="sun.awt.windows.WToolkit"/>
            <property name="classworlds.conf" value="C:/Program Files/Apache/maven/bin/m2.conf"/>
            <property name="env.=::" value="::\"/>
            <property name="env.ACLOCAL_PATH" value="C:\Program Files\Git\mingw64\share\aclocal;C:\Program Files\Git\usr\share\aclocal"/>
            <property name="env.ALLUSERSPROFILE" value="C:\ProgramData"/>
            <property name="env.APPDATA" value="C:\Users\MDunne\AppData\Roaming"/>
            <property name="env.COMMONPROGRAMFILES" value="C:\Program Files\Common Files"/>
            <property name="env.COMMONPROGRAMFILES(X86)" value="C:\Program Files (x86)\Common Files"/>
            <property name="env.COMMONPROGRAMW6432" value="C:\Program Files\Common Files"/>
            <property name="env.COMPUTERNAME" value="FEN-LAP-642"/>
            <property name="env.COMSPEC" value="C:\Windows\system32\cmd.exe"/>
            <property name="env.CONFIG_SITE" value="C:/Program Files/Git/mingw64/etc/config.site"/>
            <property name="env.DISPLAY" value="needs-to-be-defined"/>
            <property name="env.DRIVERDATA" value="C:\Windows\System32\Drivers\DriverData"/>
            <property name="env.EXEPATH" value="C:\Program Files\Git"/>
            <property name="env.FPS_BROWSER_APP_PROFILE_STRING" value="Internet Explorer"/>
            <property name="env.FPS_BROWSER_USER_PROFILE_STRING" value="Default"/>
            <property name="env.HOME" value="C:\Users\MDunne"/>
            <property name="env.HOMEDRIVE" value="C:"/>
            <property name="env.HOMEPATH" value="\Users\MDunne"/>
            <property name="env.HOSTNAME" value="FEN-LAP-642"/>
            <property name="env.INFOPATH" value="C:\Program Files\Git\usr\local\info;C:\Program Files\Git\usr\share\info;C:\Program Files\Git\usr\info;C:\Program Files\Git\share\info"/>
            <property name="env.LANG" value="en_GB.UTF-8"/>
            <property name="env.LOCALAPPDATA" value="C:\Users\MDunne\AppData\Local"/>
            <property name="env.LOGONSERVER" value="\\FEN-DC04"/>
            <property name="env.M2_HOME" value="C:\Program Files\Apache\maven"/>
            <property name="env.MANPATH" value="C:\Program Files\Git\mingw64\local\man;C:\Program Files\Git\mingw64\share\man;C:\Program Files\Git\usr\local\man;C:\Program Files\Git\usr\share\man;C:\Program Files\Git\usr\man;C:\Program Files\Git\share\man"/>
            <property name="env.MAVEN_CMD_LINE_ARGS" value=" graphwalker:test"/>
            <property name="env.MAVEN_HOME" value="C:/Program Files/Apache/maven"/>
            <property name="env.MAVEN_PROJECTBASEDIR" value="C:/git/MBT_Hackathon/java-fenergo"/>
            <property name="env.MINGW_CHOST" value="x86_64-w64-mingw32"/>
            <property name="env.MINGW_PACKAGE_PREFIX" value="mingw-w64-x86_64"/>
            <property name="env.MINGW_PREFIX" value="C:/Program Files/Git/mingw64"/>
            <property name="env.MSYSTEM" value="MINGW64"/>
            <property name="env.MSYSTEM_CARCH" value="x86_64"/>
            <property name="env.MSYSTEM_CHOST" value="x86_64-w64-mingw32"/>
            <property name="env.MSYSTEM_PREFIX" value="C:/Program Files/Git/mingw64"/>
            <property name="env.NUMBER_OF_PROCESSORS" value="8"/>
            <property name="env.OLDPWD" value="C:/git/MBT_Hackathon/java-fenergo"/>
            <property name="env.ONEDRIVE" value="C:\Users\MDunne\OneDrive - Fenergo"/>
            <property name="env.ORIGINAL_PATH" value="C:\Program Files\Git\mingw64\bin;C:\Program Files\Git\usr\bin;C:\Users\MDunne\bin;C:\Program Files\Docker\Docker\Resources\bin;C:\Program Files\Java\jdk1.8.0_171\bin;C:\Program Files (x86)\Intel\iCLS Client;C:\Program Files\Intel\iCLS Client;C:\Windows\system32;C:\Windows;C:\Windows\System32\Wbem;C:\Windows\System32\WindowsPowerShell\v1.0;C:\Windows\System32\OpenSSH;C:\Program Files (x86)\HP\HP Performance Advisor;C:\Program Files (x86)\Intel\Intel(R) Management Engine Components\DAL;C:\Program Files\Intel\Intel(R) Management Engine Components\DAL;C:\Program Files (x86)\Intel\Intel(R) Management Engine Components\IPT;C:\Program Files\Intel\Intel(R) Management Engine Components\IPT;C:\Program Files (x86)\Plantronics\Spokes3G;C:\Program Files (x86)\Microsoft SQL Server\110\Tools\Binn;C:\Program Files\Microsoft SQL Server\110\Tools\Binn;C:\Program Files\Microsoft SQL Server\110\DTS\Binn;C:\Program Files\dotnet;C:\Program Files\Microsoft\Web Platform Installer;C:\Program Files (x86)\Microsoft ASP.NET\ASP.NET Web Pages\v1.0;C:\Program Files (x86)\Windows Kits\8.0\Windows Performance Toolkit;C:\Program Files (x86)\Microsoft SQL Server\110\Tools\Binn\ManagementStudio;C:\Program Files (x86)\Microsoft Visual Studio 10.0\Common7\IDE\PrivateAssemblies;C:\Program Files (x86)\Microsoft SQL Server\110\DTS\Binn;C:\Program Files\Intel\WiFi\bin;C:\Program Files\Common Files\Intel\WirelessCommon;C:\Program Files\Apache\maven\bin;C:\Users\MDunne\AppData\Local\Programs\Python\Python36-32\Scripts;C:\Users\MDunne\AppData\Local\Programs\Python\Python36-32;C:\Users\MDunne\AppData\Local\Microsoft\WindowsApps;C:\Program Files (x86)\Sophos\Sophos SSL VPN Client\bin;C:\Program Files\Microsoft VS Code\bin;C:\Program Files\Java\jdk1.8.0_171\bin"/>
            <property name="env.ORIGINAL_TEMP" value="C:/Users/MDunne/AppData/Local/Temp"/>
            <property name="env.ORIGINAL_TMP" value="C:/Users/MDunne/AppData/Local/Temp"/>
            <property name="env.OS" value="Windows_NT"/>
            <property name="env.PATH" value="C:\Users\MDunne\bin;C:\Program Files\Git\mingw64\bin;C:\Program Files\Git\usr\local\bin;C:\Program Files\Git\usr\bin;C:\Program Files\Git\usr\bin;C:\Program Files\Git\mingw64\bin;C:\Program Files\Git\usr\bin;C:\Users\MDunne\bin;C:\Program Files\Docker\Docker\Resources\bin;C:\Program Files\Java\jdk1.8.0_171\bin;C:\Program Files (x86)\Intel\iCLS Client;C:\Program Files\Intel\iCLS Client;C:\Windows\system32;C:\Windows;C:\Windows\System32\Wbem;C:\Windows\System32\WindowsPowerShell\v1.0;C:\Windows\System32\OpenSSH;C:\Program Files (x86)\HP\HP Performance Advisor;C:\Program Files (x86)\Intel\Intel(R) Management Engine Components\DAL;C:\Program Files\Intel\Intel(R) Management Engine Components\DAL;C:\Program Files (x86)\Intel\Intel(R) Management Engine Components\IPT;C:\Program Files\Intel\Intel(R) Management Engine Components\IPT;C:\Program Files (x86)\Plantronics\Spokes3G;C:\Program Files (x86)\Microsoft SQL Server\110\Tools\Binn;C:\Program Files\Microsoft SQL Server\110\Tools\Binn;C:\Program Files\Microsoft SQL Server\110\DTS\Binn;C:\Program Files\dotnet;C:\Program Files\Microsoft\Web Platform Installer;C:\Program Files (x86)\Microsoft ASP.NET\ASP.NET Web Pages\v1.0;C:\Program Files (x86)\Windows Kits\8.0\Windows Performance Toolkit;C:\Program Files (x86)\Microsoft SQL Server\110\Tools\Binn\ManagementStudio;C:\Program Files (x86)\Microsoft Visual Studio 10.0\Common7\IDE\PrivateAssemblies;C:\Program Files (x86)\Microsoft SQL Server\110\DTS\Binn;C:\Program Files\Intel\WiFi\bin;C:\Program Files\Common Files\Intel\WirelessCommon;C:\Program Files\Apache\maven\bin;C:\Users\MDunne\AppData\Local\Programs\Python\Python36-32\Scripts;C:\Users\MDunne\AppData\Local\Programs\Python\Python36-32;C:\Users\MDunne\AppData\Local\Microsoft\WindowsApps;C:\Program Files (x86)\Sophos\Sophos SSL VPN Client\bin;C:\Program Files\Microsoft VS Code\bin;C:\Program Files\Java\jdk1.8.0_171\bin;C:\Program Files\Git\usr\bin\vendor_perl;C:\Program Files\Git\usr\bin\core_perl"/>
            <property name="env.PATHEXT" value=".COM;.EXE;.BAT;.CMD;.VBS;.VBE;.JS;.JSE;.WSF;.WSH;.MSC"/>
            <property name="env.PKG_CONFIG_PATH" value="C:\Program Files\Git\mingw64\lib\pkgconfig;C:\Program Files\Git\mingw64\share\pkgconfig"/>
            <property name="env.PLINK_PROTOCOL" value="ssh"/>
            <property name="env.PROCESSOR_ARCHITECTURE" value="AMD64"/>
            <property name="env.PROCESSOR_IDENTIFIER" value="Intel64 Family 6 Model 142 Stepping 10, GenuineIntel"/>
            <property name="env.PROCESSOR_LEVEL" value="6"/>
            <property name="env.PROCESSOR_REVISION" value="8e0a"/>
            <property name="env.PROGRAMDATA" value="C:\ProgramData"/>
            <property name="env.PROGRAMFILES" value="C:\Program Files"/>
            <property name="env.PROGRAMFILES(X86)" value="C:\Program Files (x86)"/>
            <property name="env.PROGRAMW6432" value="C:\Program Files"/>
            <property name="env.PSMODULEPATH" value="C:\Program Files\WindowsPowerShell\Modules;C:\Windows\system32\WindowsPowerShell\v1.0\Modules;C:\Program Files (x86)\Microsoft SQL Server\110\Tools\PowerShell\Modules\"/>
            <property name="env.PUBLIC" value="C:\Users\Public"/>
            <property name="env.PWD" value="C:/git/MBT_Hackathon/java-fenergo"/>
            <property name="env.SESSIONNAME" value="Console"/>
            <property name="env.SHELL" value="C:\Program Files\Git\usr\bin\bash.exe"/>
            <property name="env.SHLVL" value="1"/>
            <property name="env.SSH_ASKPASS" value="C:/Program Files/Git/mingw64/libexec/git-core/git-gui--askpass"/>
            <property name="env.SYSTEMDRIVE" value="C:"/>
            <property name="env.SYSTEMROOT" value="C:\Windows"/>
            <property name="env.TEMP" value="C:\Users\MDunne\AppData\Local\Temp"/>
            <property name="env.TERM" value="xterm"/>
            <property name="env.TMP" value="C:\Users\MDunne\AppData\Local\Temp"/>
            <property name="env.TMPDIR" value="C:\Users\MDunne\AppData\Local\Temp"/>
            <property name="env.USERDNSDOMAIN" value="FENERGO.COM"/>
            <property name="env.USERDOMAIN" value="FENERGO"/>
            <property name="env.USERDOMAIN_ROAMINGPROFILE" value="FENERGO"/>
            <property name="env.USERNAME" value="MDunne"/>
            <property name="env.USERPROFILE" value="C:\Users\MDunne"/>
            <property name="env.VS110COMNTOOLS" value="C:\Program Files (x86)\Microsoft Visual Studio 11.0\Common7\Tools\"/>
            <property name="env.WINDIR" value="C:\Windows"/>
            <property name="file.encoding" value="Cp1252"/>
            <property name="file.encoding.pkg" value="sun.io"/>
            <property name="file.separator" value="\"/>
            <property name="java.awt.graphicsenv" value="sun.awt.Win32GraphicsEnvironment"/>
            <property name="java.awt.printerjob" value="sun.awt.windows.WPrinterJob"/>
            <property name="java.class.path" value="C:/Program Files/Apache/maven/boot/plexus-classworlds-2.5.2.jar"/>
            <property name="java.class.version" value="52.0"/>
            <property name="java.endorsed.dirs" value="C:\Program Files\Java\jdk1.8.0_171\jre\lib\endorsed"/>
            <property name="java.ext.dirs" value="C:\Program Files\Java\jdk1.8.0_171\jre\lib\ext;C:\Windows\Sun\Java\lib\ext"/>
            <property name="java.home" value="C:\Program Files\Java\jdk1.8.0_171\jre"/>
            <property name="java.io.tmpdir" value="C:\Users\MDunne\AppData\Local\Temp\"/>
            <property name="java.library.path" value="C:\Program Files\Java\jdk1.8.0_171\bin;C:\Windows\Sun\Java\bin;C:\Windows\system32;C:\Windows;C:\Users\MDunne\bin;C:\Program Files\Git\mingw64\bin;C:\Program Files\Git\usr\local\bin;C:\Program Files\Git\usr\bin;C:\Program Files\Git\usr\bin;C:\Program Files\Git\mingw64\bin;C:\Program Files\Git\usr\bin;C:\Users\MDunne\bin;C:\Program Files\Docker\Docker\Resources\bin;C:\Program Files\Java\jdk1.8.0_171\bin;C:\Program Files (x86)\Intel\iCLS Client;C:\Program Files\Intel\iCLS Client;C:\Windows\system32;C:\Windows;C:\Windows\System32\Wbem;C:\Windows\System32\WindowsPowerShell\v1.0;C:\Windows\System32\OpenSSH;C:\Program Files (x86)\HP\HP Performance Advisor;C:\Program Files (x86)\Intel\Intel(R) Management Engine Components\DAL;C:\Program Files\Intel\Intel(R) Management Engine Components\DAL;C:\Program Files (x86)\Intel\Intel(R) Management Engine Components\IPT;C:\Program Files\Intel\Intel(R) Management Engine Components\IPT;C:\Program Files (x86)\Plantronics\Spokes3G;C:\Program Files (x86)\Microsoft SQL Server\110\Tools\Binn;C:\Program Files\Microsoft SQL Server\110\Tools\Binn;C:\Program Files\Microsoft SQL Server\110\DTS\Binn;C:\Program Files\dotnet;C:\Program Files\Microsoft\Web Platform Installer;C:\Program Files (x86)\Microsoft ASP.NET\ASP.NET Web Pages\v1.0;C:\Program Files (x86)\Windows Kits\8.0\Windows Performance Toolkit;C:\Program Files (x86)\Microsoft SQL Server\110\Tools\Binn\ManagementStudio;C:\Program Files (x86)\Microsoft Visual Studio 10.0\Common7\IDE\PrivateAssemblies;C:\Program Files (x86)\Microsoft SQL Server\110\DTS\Binn;C:\Program Files\Intel\WiFi\bin;C:\Program Files\Common Files\Intel\WirelessCommon;C:\Program Files\Apache\maven\bin;C:\Users\MDunne\AppData\Local\Programs\Python\Python36-32\Scripts;C:\Users\MDunne\AppData\Local\Programs\Python\Python36-32;C:\Users\MDunne\AppData\Local\Microsoft\WindowsApps;C:\Program Files (x86)\Sophos\Sophos SSL VPN Client\bin;C:\Program Files\Microsoft VS Code\bin;C:\Program Files\Java\jdk1.8.0_171\bin;C:\Program Files\Git\usr\bin\vendor_perl;C:\Program Files\Git\usr\bin\core_perl;."/>
            <property name="java.runtime.name" value="Java(TM) SE Runtime Environment"/>
            <property name="java.runtime.version" value="1.8.0_171-b11"/>
            <property name="java.specification.name" value="Java Platform API Specification"/>
            <property name="java.specification.vendor" value="Oracle Corporation"/>
            <property name="java.specification.version" value="1.8"/>
            <property name="java.vendor" value="Oracle Corporation"/>
            <property name="java.vendor.url" value="http://java.oracle.com/"/>
            <property name="java.vendor.url.bug" value="http://bugreport.sun.com/bugreport/"/>
            <property name="java.version" value="1.8.0_171"/>
            <property name="java.vm.info" value="mixed mode"/>
            <property name="java.vm.name" value="Java HotSpot(TM) 64-Bit Server VM"/>
            <property name="java.vm.specification.name" value="Java Virtual Machine Specification"/>
            <property name="java.vm.specification.vendor" value="Oracle Corporation"/>
            <property name="java.vm.specification.version" value="1.8"/>
            <property name="java.vm.vendor" value="Oracle Corporation"/>
            <property name="java.vm.version" value="25.171-b11"/>
            <property name="library.jansi.path" value="C:/Program Files/Apache/maven/lib/jansi-native"/>
            <property name="line.separator" value="&#xD;&#xA;"/>
            <property name="maven.build.version" value="Apache Maven 3.5.3 (3383c37e1f9e9b3bc3df5050c29c8aff9f295297; 2018-02-24T19:49:05Z)"/>
            <property name="maven.conf" value="C:/Program Files/Apache/maven/conf"/>
            <property name="maven.home" value="C:\Program Files\Apache\maven"/>
            <property name="maven.multiModuleProjectDirectory" value="C:/git/MBT_Hackathon/java-fenergo"/>
            <property name="maven.version" value="3.5.3"/>
            <property name="os.arch" value="amd64"/>
            <property name="os.name" value="Windows 10"/>
            <property name="os.version" value="10.0"/>
            <property name="path.separator" value=";"/>
            <property name="sun.arch.data.model" value="64"/>
            <property name="sun.boot.class.path" value="C:\Program Files\Java\jdk1.8.0_171\jre\lib\resources.jar;C:\Program Files\Java\jdk1.8.0_171\jre\lib\rt.jar;C:\Program Files\Java\jdk1.8.0_171\jre\lib\sunrsasign.jar;C:\Program Files\Java\jdk1.8.0_171\jre\lib\jsse.jar;C:\Program Files\Java\jdk1.8.0_171\jre\lib\jce.jar;C:\Program Files\Java\jdk1.8.0_171\jre\lib\charsets.jar;C:\Program Files\Java\jdk1.8.0_171\jre\lib\jfr.jar;C:\Program Files\Java\jdk1.8.0_171\jre\classes"/>
            <property name="sun.boot.library.path" value="C:\Program Files\Java\jdk1.8.0_171\jre\bin"/>
            <property name="sun.cpu.endian" value="little"/>
            <property name="sun.cpu.isalist" value="amd64"/>
            <property name="sun.desktop" value="windows"/>
            <property name="sun.io.unicode.encoding" value="UnicodeLittle"/>
            <property name="sun.java.command" value="org.codehaus.plexus.classworlds.launcher.Launcher graphwalker:test"/>
            <property name="sun.java.launcher" value="SUN_STANDARD"/>
            <property name="sun.jnu.encoding" value="Cp1252"/>
            <property name="sun.management.compiler" value="HotSpot 64-Bit Tiered Compilers"/>
            <property name="sun.os.patch.level" value=""/>
            <property name="user.country" value="IE"/>
            <property name="user.dir" value="C:\git\MBT_Hackathon\java-fenergo"/>
            <property name="user.home" value="C:\Users\MDunne"/>
            <property name="user.language" value="en"/>
            <property name="user.name" value="MDunne"/>
            <property name="user.script" value=""/>
            <property name="user.timezone" value=""/>
            <property name="user.variant" value=""/>
        </properties>
        <testcase name="EntitySearch" time="785.649" classname="com.company.modelimplementations.EntitySearch">
            <failure type="Not fulfilled" message="10"/>
        </testcase>
        <testcase name="Fenergo" time="785.649" classname="com.company.modelimplementations.Fenergo">
            <error type="org.openqa.selenium.WebDriverException" message="chrome not reachable&#xA;  (Session info: chrome=67.0.3396.87)&#xA;  (Driver info: chromedriver=2.40.565498 (ea082db3280dd6843ebfb08a625e3eb905c4f5ab),platform=Windows NT 10.0.17134 x86_64) (WARNING: The server did not provide any stacktrace information)&#xA;Command duration or timeout: 0 milliseconds&#xA;Build info: version: '3.8.1', revision: '6e95a6684b', time: '2017-12-01T18:33:54.468Z'&#xA;System info: host: 'FEN-LAP-642', ip: '10.0.75.1', os.name: 'Windows 10', os.arch: 'amd64', os.version: '10.0', java.version: '1.8.0_171'&#xA;Driver info: org.openqa.selenium.chrome.ChromeDriver&#xA;Capabilities {acceptInsecureCerts: false, acceptSslCerts: false, applicationCacheEnabled: false, browserConnectionEnabled: false, browserName: chrome, chrome: {chromedriverVersion: 2.40.565498 (ea082db3280dd6..., userDataDir: C:\Users\MDunne\AppData\Loc...}, cssSelectorsEnabled: true, databaseEnabled: false, handlesAlerts: true, hasTouchScreen: false, javascriptEnabled: true, locationContextEnabled: true, mobileEmulationEnabled: false, nativeEvents: true, networkConnectionEnabled: false, pageLoadStrategy: normal, platform: XP, platformName: XP, rotatable: false, setWindowRect: true, takesHeapSnapshot: true, takesScreenshot: true, unexpectedAlertBehaviour: , unhandledPromptBehavior: , version: 67.0.3396.87, webStorageEnabled: true}&#xA;Session ID: b90d231cf4469e3d7c5bcc8877499991&#xA;*** Element info: {Using=xpath, value=//a[@title='Legal Entity']}">
                org.openqa.selenium.WebDriverException: chrome not reachable
                  (Session info: chrome=67.0.3396.87)
                  (Driver info: chromedriver=2.40.565498 (ea082db3280dd6843ebfb08a625e3eb905c4f5ab),platform=Windows NT 10.0.17134 x86_64) (WARNING: The server did not provide any stacktrace information)
                Command duration or timeout: 0 milliseconds
                Build info: version: '3.8.1', revision: '6e95a6684b', time: '2017-12-01T18:33:54.468Z'
                System info: host: 'FEN-LAP-642', ip: '10.0.75.1', os.name: 'Windows 10', os.arch: 'amd64', os.version: '10.0', java.version: '1.8.0_171'
                Driver info: org.openqa.selenium.chrome.ChromeDriver
                Capabilities {acceptInsecureCerts: false, acceptSslCerts: false, applicationCacheEnabled: false, browserConnectionEnabled: false, browserName: chrome, chrome: {chromedriverVersion: 2.40.565498 (ea082db3280dd6..., userDataDir: C:\Users\MDunne\AppData\Loc...}, cssSelectorsEnabled: true, databaseEnabled: false, handlesAlerts: true, hasTouchScreen: false, javascriptEnabled: true, locationContextEnabled: true, mobileEmulationEnabled: false, nativeEvents: true, networkConnectionEnabled: false, pageLoadStrategy: normal, platform: XP, platformName: XP, rotatable: false, setWindowRect: true, takesHeapSnapshot: true, takesScreenshot: true, unexpectedAlertBehaviour: , unhandledPromptBehavior: , version: 67.0.3396.87, webStorageEnabled: true}
                Session ID: b90d231cf4469e3d7c5bcc8877499991
                *** Element info: {Using=xpath, value=//a[@title='Legal Entity']}&#xD;
                	at sun.reflect.NativeConstructorAccessorImpl.newInstance0(Native Method)&#xD;
                	at sun.reflect.NativeConstructorAccessorImpl.newInstance(NativeConstructorAccessorImpl.java:62)&#xD;
                	at sun.reflect.DelegatingConstructorAccessorImpl.newInstance(DelegatingConstructorAccessorImpl.java:45)&#xD;
                	at java.lang.reflect.Constructor.newInstance(Constructor.java:423)&#xD;
                	at org.openqa.selenium.remote.ErrorHandler.createThrowable(ErrorHandler.java:214)&#xD;
                	at org.openqa.selenium.remote.ErrorHandler.throwIfResponseFailed(ErrorHandler.java:166)&#xD;
                	at org.openqa.selenium.remote.http.JsonHttpResponseCodec.reconstructValue(JsonHttpResponseCodec.java:40)&#xD;
                	at org.openqa.selenium.remote.http.AbstractHttpResponseCodec.decode(AbstractHttpResponseCodec.java:80)&#xD;
                	at org.openqa.selenium.remote.http.AbstractHttpResponseCodec.decode(AbstractHttpResponseCodec.java:44)&#xD;
                	at org.openqa.selenium.remote.HttpCommandExecutor.execute(HttpCommandExecutor.java:164)&#xD;
                	at org.openqa.selenium.remote.service.DriverCommandExecutor.execute(DriverCommandExecutor.java:83)&#xD;
                	at org.openqa.selenium.remote.RemoteWebDriver.execute(RemoteWebDriver.java:601)&#xD;
                	at org.openqa.selenium.remote.RemoteWebDriver.findElements(RemoteWebDriver.java:398)&#xD;
                	at org.openqa.selenium.remote.RemoteWebDriver.findElementsByXPath(RemoteWebDriver.java:477)&#xD;
                	at org.openqa.selenium.By$ByXPath.findElements(By.java:356)&#xD;
                	at org.openqa.selenium.remote.RemoteWebDriver.findElements(RemoteWebDriver.java:359)&#xD;
                	at org.openqa.selenium.support.ui.ExpectedConditions.findElement(ExpectedConditions.java:881)&#xD;
                	at org.openqa.selenium.support.ui.ExpectedConditions.access$000(ExpectedConditions.java:43)&#xD;
                	at org.openqa.selenium.support.ui.ExpectedConditions$7.apply(ExpectedConditions.java:205)&#xD;
                	at org.openqa.selenium.support.ui.ExpectedConditions$7.apply(ExpectedConditions.java:201)&#xD;
                	at org.openqa.selenium.support.ui.ExpectedConditions$22.apply(ExpectedConditions.java:643)&#xD;
                	at org.openqa.selenium.support.ui.ExpectedConditions$22.apply(ExpectedConditions.java:640)&#xD;
                	at org.openqa.selenium.support.ui.FluentWait.until(FluentWait.java:208)&#xD;
                	at com.company.modelimplementations.Fenergo.e_EntitySearchPage(Fenergo.java:49)&#xD;
                	at jdk.nashorn.internal.scripts.Script$Recompilation$27$116$\^eval\_.e_EntitySearchPage(&lt;eval&gt;:1)&#xD;
                	at jdk.nashorn.internal.scripts.Script$26$\^eval\_.:program(&lt;eval&gt;:1)&#xD;
                	at jdk.nashorn.internal.runtime.ScriptFunctionData.invoke(ScriptFunctionData.java:637)&#xD;
                	at jdk.nashorn.internal.runtime.ScriptFunction.invoke(ScriptFunction.java:494)&#xD;
                	at jdk.nashorn.internal.runtime.ScriptRuntime.apply(ScriptRuntime.java:393)&#xD;
                	at jdk.nashorn.api.scripting.NashornScriptEngine.evalImpl(NashornScriptEngine.java:449)&#xD;
                	at jdk.nashorn.api.scripting.NashornScriptEngine.evalImpl(NashornScriptEngine.java:406)&#xD;
                	at jdk.nashorn.api.scripting.NashornScriptEngine.evalImpl(NashornScriptEngine.java:402)&#xD;
                	at jdk.nashorn.api.scripting.NashornScriptEngine.eval(NashornScriptEngine.java:155)&#xD;
                	at javax.script.AbstractScriptEngine.eval(AbstractScriptEngine.java:264)&#xD;
                	at org.graphwalker.core.machine.ExecutionContext.execute(ExecutionContext.java:286)&#xD;
                	at org.graphwalker.core.machine.SimpleMachine.execute(SimpleMachine.java:281)&#xD;
                	at org.graphwalker.core.machine.SimpleMachine.execute(SimpleMachine.java:270)&#xD;
                	at org.graphwalker.core.machine.SimpleMachine.getNextStep(SimpleMachine.java:100)&#xD;
                	at org.graphwalker.java.test.TestExecutor.execute(TestExecutor.java:219)&#xD;
                	at sun.reflect.NativeMethodAccessorImpl.invoke0(Native Method)&#xD;
                	at sun.reflect.NativeMethodAccessorImpl.invoke(NativeMethodAccessorImpl.java:62)&#xD;
                	at sun.reflect.DelegatingMethodAccessorImpl.invoke(DelegatingMethodAccessorImpl.java:43)&#xD;
                	at java.lang.reflect.Method.invoke(Method.java:498)&#xD;
                	at org.graphwalker.java.test.Reflections.invoke(Reflections.java:73)&#xD;
                	at org.graphwalker.java.test.Reflector.execute(Reflector.java:123)&#xD;
                	at org.graphwalker.maven.plugin.TestMojo.execute(TestMojo.java:161)&#xD;
                	at org.apache.maven.plugin.DefaultBuildPluginManager.executeMojo(DefaultBuildPluginManager.java:137)&#xD;
                	at org.apache.maven.lifecycle.internal.MojoExecutor.execute(MojoExecutor.java:208)&#xD;
                	at org.apache.maven.lifecycle.internal.MojoExecutor.execute(MojoExecutor.java:154)&#xD;
                	at org.apache.maven.lifecycle.internal.MojoExecutor.execute(MojoExecutor.java:146)&#xD;
                	at org.apache.maven.lifecycle.internal.LifecycleModuleBuilder.buildProject(LifecycleModuleBuilder.java:117)&#xD;
                	at org.apache.maven.lifecycle.internal.LifecycleModuleBuilder.buildProject(LifecycleModuleBuilder.java:81)&#xD;
                	at org.apache.maven.lifecycle.internal.builder.singlethreaded.SingleThreadedBuilder.build(SingleThreadedBuilder.java:56)&#xD;
                	at org.apache.maven.lifecycle.internal.LifecycleStarter.execute(LifecycleStarter.java:128)&#xD;
                	at org.apache.maven.DefaultMaven.doExecute(DefaultMaven.java:305)&#xD;
                	at org.apache.maven.DefaultMaven.doExecute(DefaultMaven.java:192)&#xD;
                	at org.apache.maven.DefaultMaven.execute(DefaultMaven.java:105)&#xD;
                	at org.apache.maven.cli.MavenCli.execute(MavenCli.java:956)&#xD;
                	at org.apache.maven.cli.MavenCli.doMain(MavenCli.java:290)&#xD;
                	at org.apache.maven.cli.MavenCli.main(MavenCli.java:194)&#xD;
                	at sun.reflect.NativeMethodAccessorImpl.invoke0(Native Method)&#xD;
                	at sun.reflect.NativeMethodAccessorImpl.invoke(NativeMethodAccessorImpl.java:62)&#xD;
                	at sun.reflect.DelegatingMethodAccessorImpl.invoke(DelegatingMethodAccessorImpl.java:43)&#xD;
                	at java.lang.reflect.Method.invoke(Method.java:498)&#xD;
                	at org.codehaus.plexus.classworlds.launcher.Launcher.launchEnhanced(Launcher.java:289)&#xD;
                	at org.codehaus.plexus.classworlds.launcher.Launcher.launch(Launcher.java:229)&#xD;
                	at org.codehaus.plexus.classworlds.launcher.Launcher.mainWithExitCode(Launcher.java:415)&#xD;
                	at org.codehaus.plexus.classworlds.launcher.Launcher.main(Launcher.java:356)&#xD;
</error>
        </testcase>
        <testcase name="EnterEntityDetails" time="785.649" classname="com.company.modelimplementations.EnterEntityDetails">
            <failure type="Not fulfilled" message="10"/>
        </testcase>
        <testcase name="CaseSearch" time="785.649" classname="com.company.modelimplementations.CaseSearch">
            <failure type="Not fulfilled" message="10"/>
        </testcase>
    </testsuite>
</testsuites>
